C:\USERS\TETA\DOCUMENTS\VISUAL STUDIO 2010\PROJECTS\TESTOSG\TESTOSG\DEBUG\SOKOBAN.EXE
C:\Users\Teta\Documents\Visual Studio 2010\Projects\testOSG\testOSG\Debug\Sokoban.exp
C:\USERS\TETA\DOCUMENTS\VISUAL STUDIO 2010\PROJECTS\TESTOSG\TESTOSG\DEBUG\SOKOBAN.ILK
C:\Users\Teta\Documents\Visual Studio 2010\Projects\testOSG\testOSG\Debug\Sokoban.lib
C:\USERS\TETA\DOCUMENTS\VISUAL STUDIO 2010\PROJECTS\TESTOSG\TESTOSG\DEBUG\SOKOBAN.PDB
C:\USERS\TETA\DOCUMENTS\VISUAL STUDIO 2010\PROJECTS\TESTOSG\TESTOSG\TESTOSG\DEBUG\BOUTON.OBJ
C:\USERS\TETA\DOCUMENTS\VISUAL STUDIO 2010\PROJECTS\TESTOSG\TESTOSG\TESTOSG\DEBUG\BOX.OBJ
C:\USERS\TETA\DOCUMENTS\VISUAL STUDIO 2010\PROJECTS\TESTOSG\TESTOSG\TESTOSG\DEBUG\BOXVIEW.OBJ
C:\USERS\TETA\DOCUMENTS\VISUAL STUDIO 2010\PROJECTS\TESTOSG\TESTOSG\TESTOSG\DEBUG\CASE.OBJ
C:\USERS\TETA\DOCUMENTS\VISUAL STUDIO 2010\PROJECTS\TESTOSG\TESTOSG\TESTOSG\DEBUG\CASECONTENTS.OBJ
C:\Users\Teta\Documents\Visual Studio 2010\Projects\testOSG\testOSG\testOSG\Debug\cl.command.1.tlog
C:\Users\Teta\Documents\Visual Studio 2010\Projects\testOSG\testOSG\testOSG\Debug\CL.read.1.tlog
C:\Users\Teta\Documents\Visual Studio 2010\Projects\testOSG\testOSG\testOSG\Debug\CL.write.1.tlog
C:\USERS\TETA\DOCUMENTS\VISUAL STUDIO 2010\PROJECTS\TESTOSG\TESTOSG\TESTOSG\DEBUG\CLICKCONTROLLER.OBJ
C:\USERS\TETA\DOCUMENTS\VISUAL STUDIO 2010\PROJECTS\TESTOSG\TESTOSG\TESTOSG\DEBUG\CONTROLLER.OBJ
C:\USERS\TETA\DOCUMENTS\VISUAL STUDIO 2010\PROJECTS\TESTOSG\TESTOSG\TESTOSG\DEBUG\CONTROLVIEW.OBJ
C:\USERS\TETA\DOCUMENTS\VISUAL STUDIO 2010\PROJECTS\TESTOSG\TESTOSG\TESTOSG\DEBUG\EVENTCONTROLLER.OBJ
C:\USERS\TETA\DOCUMENTS\VISUAL STUDIO 2010\PROJECTS\TESTOSG\TESTOSG\TESTOSG\DEBUG\EVENTHANDLER.OBJ
C:\USERS\TETA\DOCUMENTS\VISUAL STUDIO 2010\PROJECTS\TESTOSG\TESTOSG\TESTOSG\DEBUG\GAME.OBJ
C:\USERS\TETA\DOCUMENTS\VISUAL STUDIO 2010\PROJECTS\TESTOSG\TESTOSG\TESTOSG\DEBUG\GAMEVIEW.OBJ
C:\Users\Teta\Documents\Visual Studio 2010\Projects\testOSG\testOSG\testOSG\Debug\link.command.1.tlog
C:\Users\Teta\Documents\Visual Studio 2010\Projects\testOSG\testOSG\testOSG\Debug\link.read.1.tlog
C:\Users\Teta\Documents\Visual Studio 2010\Projects\testOSG\testOSG\testOSG\Debug\link.write.1.tlog
C:\USERS\TETA\DOCUMENTS\VISUAL STUDIO 2010\PROJECTS\TESTOSG\TESTOSG\TESTOSG\DEBUG\LOGVIEW.OBJ
C:\USERS\TETA\DOCUMENTS\VISUAL STUDIO 2010\PROJECTS\TESTOSG\TESTOSG\TESTOSG\DEBUG\MAIN.OBJ
C:\USERS\TETA\DOCUMENTS\VISUAL STUDIO 2010\PROJECTS\TESTOSG\TESTOSG\TESTOSG\DEBUG\MODEL.OBJ
C:\USERS\TETA\DOCUMENTS\VISUAL STUDIO 2010\PROJECTS\TESTOSG\TESTOSG\TESTOSG\DEBUG\MOVE.OBJ
C:\Users\Teta\Documents\Visual Studio 2010\Projects\testOSG\testOSG\testOSG\Debug\mt.command.1.tlog
C:\Users\Teta\Documents\Visual Studio 2010\Projects\testOSG\testOSG\testOSG\Debug\mt.read.1.tlog
C:\Users\Teta\Documents\Visual Studio 2010\Projects\testOSG\testOSG\testOSG\Debug\mt.write.1.tlog
C:\USERS\TETA\DOCUMENTS\VISUAL STUDIO 2010\PROJECTS\TESTOSG\TESTOSG\TESTOSG\DEBUG\MYVIEW.OBJ
C:\USERS\TETA\DOCUMENTS\VISUAL STUDIO 2010\PROJECTS\TESTOSG\TESTOSG\TESTOSG\DEBUG\OBJECTVIEW.OBJ
C:\USERS\TETA\DOCUMENTS\VISUAL STUDIO 2010\PROJECTS\TESTOSG\TESTOSG\TESTOSG\DEBUG\PLATFORM.OBJ
C:\USERS\TETA\DOCUMENTS\VISUAL STUDIO 2010\PROJECTS\TESTOSG\TESTOSG\TESTOSG\DEBUG\PLAYER.OBJ
C:\USERS\TETA\DOCUMENTS\VISUAL STUDIO 2010\PROJECTS\TESTOSG\TESTOSG\TESTOSG\DEBUG\PLAYERVIEW.OBJ
C:\USERS\TETA\DOCUMENTS\VISUAL STUDIO 2010\PROJECTS\TESTOSG\TESTOSG\TESTOSG\DEBUG\RECEIVERVIEW.OBJ
C:\USERS\TETA\DOCUMENTS\VISUAL STUDIO 2010\PROJECTS\TESTOSG\TESTOSG\TESTOSG\DEBUG\SAVE.OBJ
C:\USERS\TETA\DOCUMENTS\VISUAL STUDIO 2010\PROJECTS\TESTOSG\TESTOSG\TESTOSG\DEBUG\SOKOBAN.EXE.INTERMEDIATE.MANIFEST
C:\Users\Teta\Documents\Visual Studio 2010\Projects\testOSG\testOSG\testOSG\Debug\Sokoban.write.1.tlog
C:\Users\Teta\Documents\Visual Studio 2010\Projects\testOSG\testOSG\testOSG\Debug\testOSG.vcxprojResolveAssemblyReference.cache
C:\USERS\TETA\DOCUMENTS\VISUAL STUDIO 2010\PROJECTS\TESTOSG\TESTOSG\TESTOSG\DEBUG\TEXTBOX.OBJ
C:\Users\Teta\Documents\Visual Studio 2010\Projects\testOSG\testOSG\testOSG\Debug\vc100.idb
C:\USERS\TETA\DOCUMENTS\VISUAL STUDIO 2010\PROJECTS\TESTOSG\TESTOSG\TESTOSG\DEBUG\VC100.PDB
C:\USERS\TETA\DOCUMENTS\VISUAL STUDIO 2010\PROJECTS\TESTOSG\TESTOSG\TESTOSG\DEBUG\VIEW.OBJ
C:\USERS\TETA\DOCUMENTS\VISUAL STUDIO 2010\PROJECTS\TESTOSG\TESTOSG\TESTOSG\DEBUG\WALL.OBJ
C:\USERS\TETA\DOCUMENTS\VISUAL STUDIO 2010\PROJECTS\TESTOSG\TESTOSG\TESTOSG\DEBUG\WALLVIEW.OBJ
